0.001364
0.793188
3.79607
0.0042
0.793188
-4.25719
0.010184
0.793188
-64.9814
0.020624
0.793188
-35.1281
0.04192
0.793188
-19.1246
0.092052
0.793188
89.5776
0.174869
0.793188
115.482
0.36142
0.793188
0.1898
0.715188
0.793188
244.396
1.61536
0.793188
903.752
2.55285
0.793188
512.256
4.97424
0.793188
621.759
9.5297
0.793188
1110.11
18.4919
0.793188
1466.26
36.4233
0.793188
4893.81
72.3076
0.793204
828.072
144.04
0.793204
-1954.57
287.351
0.79322
-193.373
574.01
0.793235
-6623.85
1148.99
0.793267
9890.01
2296.58
0.793345
25280.6
