830
768
0.325152
1045.430664
803.478210
0.026016
770.082921
912.332943
0.021344
1793
1915
0.346880
2075.447021
1846.185303
0.017280
1963.086510
2012.634962
0.029216
3806
3708
0.392672
4028.877686
3802.056641
0.032416
3672.123886
3942.830979
0.048128
7782
8512
0.406944
7463.526855
7793.121582
0.068992
8321.422548
7495.490369
0.258912
14909
15360
0.667200
15740.237305
16021.995117
0.369952
15584.938613
15992.834497
1.658048
29616
31241
3.151680
29953.800781
31176.025391
2.633376
31576.846219
31241.051852
12.999008
61803
62276
22.059200
62801.113281
61073.453125
20.568159
61875.551044
61081.063327
102.066879
122427
123805
156.445786
126091.875000
126747.140625
146.878021
123870.382906
123291.967465
730.583496
248384
244040
1240.810059
249869.031250
250123.093750
1187.505127
248573.893851
246827.447278
5834.294434
492137
488641
9993.269531
493876.375000
495119.187500
9583.386719
501831.957758
501632.868325
47333.292969