0.142528
-4.065931
-2.200187
0.233344
1.593178
-2.002193
0.176096
0.733411
-5.109040
0.130688
-4.209798
1.886898
0.175840
0.771324
1.778214
0.155264
-1.664209
-8.519671
0.187520
-0.510967
-0.015178
0.196640
-0.565909
-0.134794
0.172032
-0.361926
1.537884
0.260768
2.818756
-1.424309
0.250080
-1.520895
0.243265
0.317664
2.752617
-1.870083
0.565248
9.220243
0.056163
0.871680
-1.588744
-0.486334
1.649952
-2.831228
3.613981
3.117024
-1.423329
-2.022113
6.043072
-4.007939
0.519621
11.781216
3.670984
-0.019119
21.401537
5.080161
0.859590
41.631039
-0.264234
-4.770073
