0.135872
-2.116559
-3.533586
0.130048
1.218960
0.195279
0.123072
-0.166000
0.121908
0.198784
5.146154
6.130361
0.168512
-1.918555
2.455626
0.199840
-3.662055
2.339253
0.131648
3.176761
0.585842
0.133120
1.854833
-0.990919
0.136832
0.778828
1.797070
0.166496
-2.049464
-1.865549
0.202816
0.458422
1.178637
0.294624
-2.736734
-5.023979
0.390688
5.842259
-5.590772
0.661792
3.006181
1.153279
0.988096
1.289094
-0.058001
1.833056
2.250511
-3.275816
3.459520
-6.177972
-3.211326
6.843936
-2.091915
-1.056993
13.418400
-0.637620
-4.123568
26.578785
3.430163
-0.691568
