2.033365
-8.054711
83.487459
-4.087526
-11.435511
43.174260
7.233769
0.929579
30.071535
3.017562
1.375679
23.324434
8.287148
6.813421
19.386329
-4.973220
2.006318
16.712739
13.004686
-15.836176
14.961396
4.127481
-4.892429
13.655938
3.824369
7.137561
12.654228
2.355842
-3.508496
11.467112
3.216981
10.951103
17.532126
-11.697329
7.348408
16.187861
-3.482338
-1.564159
15.530121
-3.231960
-5.072059
15.828574
-2.249458
-3.247680
15.096594
-0.551023
3.619432
15.049980
4.756253
7.493043
12.897786
-19.246126
0.703305
12.284033
-1.345337
-4.330822
11.919348
2.257637
-3.230847
12.373672
