4096.000000
4096.000000
1056.913663
4096.000000
4096.000000
567.284114
4096.000000
4096.000000
401.953295
4096.000000
4096.000000
314.751404
4096.000000
4096.000000
252.388433
4096.000000
4096.000000
209.658870
4096.000000
4096.000000
181.764546
4096.000000
4096.000000
158.464882
4096.000000
4096.000000
137.109346
4096.000000
4096.000000
122.954334
4096.000000
4096.000000
191.309457
4096.000000
4096.000000
175.830699
4096.000000
4096.000000
169.178471
4096.000000
4096.000000
162.034370
4096.000000
4096.000000
155.905957
4096.000000
4096.000000
145.216380
4096.000000
4096.000000
137.227180
4096.000000
4096.000000
131.821621
4096.000000
4096.000000
125.060062
4096.000000
4096.000000
118.188374